{"E:/RS/rs-react/src/fakeData.js": {"path":"E:/RS/rs-react/src/fakeData.js","statementMap":{"0":{"start":{"line":1,"column":20},"end":{"line":66,"column":1}}},"fnMap":{},"branchMap":{},"s":{"0":1},"f":{},"b":{}}
,"E:/RS/rs-react/src/assets/icons.tsx": {"path":"E:/RS/rs-react/src/assets/icons.tsx","statementMap":{"0":{"start":{"line":4,"column":2},"end":{"line":14,"column":null}}},"fnMap":{"0":{"name":"SearchIcon","decl":{"start":{"line":3,"column":16},"end":{"line":3,"column":29}},"loc":{"start":{"line":3,"column":29},"end":{"line":16,"column":null}}}},"branchMap":{},"s":{"0":1},"f":{"0":1},"b":{}}
,"E:/RS/rs-react/src/components/Card/Card.tsx": {"path":"E:/RS/rs-react/src/components/Card/Card.tsx","statementMap":{"0":{"start":{"line":10,"column":11},"end":{"line":23,"column":null}},"1":{"start":{"line":11,"column":54},"end":{"line":11,"column":null}},"2":{"start":{"line":12,"column":4},"end":{"line":21,"column":null}}},"fnMap":{"0":{"name":"(anonymous_0)","decl":{"start":{"line":10,"column":11},"end":{"line":10,"column":17}},"loc":{"start":{"line":10,"column":17},"end":{"line":23,"column":null}}}},"branchMap":{},"s":{"0":9,"1":9,"2":9},"f":{"0":9},"b":{}}
,"E:/RS/rs-react/src/components/SearchBar/SearchBar.tsx": {"path":"E:/RS/rs-react/src/components/SearchBar/SearchBar.tsx","statementMap":{"0":{"start":{"line":15,"column":4},"end":{"line":15,"column":null}},"1":{"start":{"line":16,"column":4},"end":{"line":18,"column":null}},"2":{"start":{"line":22,"column":4},"end":{"line":22,"column":null}},"3":{"start":{"line":26,"column":4},"end":{"line":26,"column":null}},"4":{"start":{"line":27,"column":4},"end":{"line":27,"column":null}},"5":{"start":{"line":30,"column":23},"end":{"line":32,"column":null}},"6":{"start":{"line":31,"column":4},"end":{"line":31,"column":null}},"7":{"start":{"line":34,"column":22},"end":{"line":38,"column":null}},"8":{"start":{"line":35,"column":18},"end":{"line":35,"column":null}},"9":{"start":{"line":36,"column":4},"end":{"line":36,"column":null}},"10":{"start":{"line":37,"column":4},"end":{"line":37,"column":null}},"11":{"start":{"line":40,"column":11},"end":{"line":52,"column":null}},"12":{"start":{"line":41,"column":4},"end":{"line":52,"column":null}}},"fnMap":{"0":{"name":"(anonymous_0)","decl":{"start":{"line":14,"column":2},"end":{"line":14,"column":14}},"loc":{"start":{"line":14,"column":37},"end":{"line":19,"column":null}}},"1":{"name":"(anonymous_1)","decl":{"start":{"line":21,"column":2},"end":{"line":21,"column":22}},"loc":{"start":{"line":21,"column":22},"end":{"line":23,"column":null}}},"2":{"name":"(anonymous_2)","decl":{"start":{"line":25,"column":2},"end":{"line":25,"column":25}},"loc":{"start":{"line":25,"column":25},"end":{"line":28,"column":null}}},"3":{"name":"(anonymous_3)","decl":{"start":{"line":30,"column":23},"end":{"line":30,"column":29}},"loc":{"start":{"line":30,"column":29},"end":{"line":32,"column":null}}},"4":{"name":"(anonymous_4)","decl":{"start":{"line":34,"column":22},"end":{"line":34,"column":23}},"loc":{"start":{"line":34,"column":70},"end":{"line":38,"column":null}}},"5":{"name":"(anonymous_5)","decl":{"start":{"line":40,"column":11},"end":{"line":40,"column":null}},"loc":{"start":{"line":41,"column":4},"end":{"line":52,"column":null}}}},"branchMap":{"0":{"loc":{"start":{"line":17,"column":13},"end":{"line":17,"column":null}},"type":"binary-expr","locations":[{"start":{"line":17,"column":13},"end":{"line":17,"column":52}},{"start":{"line":17,"column":52},"end":{"line":17,"column":null}}]}},"s":{"0":1,"1":1,"2":1,"3":1,"4":1,"5":1,"6":0,"7":1,"8":0,"9":0,"10":0,"11":1,"12":1},"f":{"0":1,"1":1,"2":1,"3":0,"4":0,"5":1},"b":{"0":[1,1]}}
,"E:/RS/rs-react/src/pages/Home/Home.tsx": {"path":"E:/RS/rs-react/src/pages/Home/Home.tsx","statementMap":{"0":{"start":{"line":8,"column":17},"end":{"line":10,"column":null}},"1":{"start":{"line":9,"column":4},"end":{"line":9,"column":null}},"2":{"start":{"line":12,"column":11},"end":{"line":20,"column":null}},"3":{"start":{"line":13,"column":4},"end":{"line":20,"column":null}},"4":{"start":{"line":17,"column":10},"end":{"line":17,"column":null}}},"fnMap":{"0":{"name":"(anonymous_0)","decl":{"start":{"line":8,"column":17},"end":{"line":8,"column":18}},"loc":{"start":{"line":8,"column":42},"end":{"line":10,"column":null}}},"1":{"name":"(anonymous_1)","decl":{"start":{"line":12,"column":11},"end":{"line":12,"column":null}},"loc":{"start":{"line":13,"column":4},"end":{"line":20,"column":null}}},"2":{"name":"(anonymous_2)","decl":{"start":{"line":16,"column":18},"end":{"line":16,"column":19}},"loc":{"start":{"line":17,"column":10},"end":{"line":17,"column":null}}}},"branchMap":{},"s":{"0":1,"1":0,"2":1,"3":1,"4":8},"f":{"0":0,"1":1,"2":8},"b":{}}
}
